<?xml version="1.0" encoding="UTF-8"?>
<testng-results skipped="0" failed="0" total="1" passed="1">
  <reporter-output>
  </reporter-output>
  <suite name="Default suite" duration-ms="16057" started-at="2022-03-27T18:07:41Z" finished-at="2022-03-27T18:07:58Z">
    <groups>
    </groups>
    <test name="Default test" duration-ms="16057" started-at="2022-03-27T18:07:41Z" finished-at="2022-03-27T18:07:58Z">
      <class name="loginPage.FirstScenario">
        <test-method status="PASS" signature="launchBrowser()[pri:0, instance:loginPage.FirstScenario@6b419da]" name="launchBrowser" duration-ms="16034" started-at="2022-03-27T20:07:41Z" finished-at="2022-03-27T20:07:58Z">
          <reporter-output>
          </reporter-output>
        </test-method> <!-- launchBrowser -->
      </class> <!-- loginPage.FirstScenario -->
    </test> <!-- Default test -->
  </suite> <!-- Default suite -->
</testng-results>
